Using prompt template for: photorealistic
loading annotations into memory...
Done (t=18.28s)
creating index...
index created!
loading annotations into memory...
Done (t=0.59s)
creating index...
index created!
Loading models (this may take a while)...
All models loaded.
Processing category: bottle
Processing category: bowl
Processing category: car
Processing category: chair
Processing category: clock
Processing category: cup
Processing category: fork
Processing category: keyboard
Processing category: knife
Processing category: laptop
Processing category: microwave
Processing category: mouse
Processing category: oven
Processing category: potted plant
Processing category: sink
Processing category: stop sign
Processing category: toilet
Processing category: tv
Pipeline finished.
Metrics calculation for photorealistic completed!
