/home/kshaltiel/miniconda3/envs/inpaint_env_py39/lib/python3.9/site-packages/torchvision/models/_utils.py:208: UserWarning: The parameter 'pretrained' is deprecated since 0.13 and may be removed in the future, please use 'weights' instead.
  warnings.warn(
/home/kshaltiel/miniconda3/envs/inpaint_env_py39/lib/python3.9/site-packages/torchvision/models/_utils.py:223: UserWarning: Arguments other than a weight enum or `None` for 'weights' are deprecated since 0.13 and may be removed in the future. The current behavior is equivalent to passing `weights=AlexNet_Weights.IMAGENET1K_V1`. You can also use `weights=AlexNet_Weights.DEFAULT` to get the most up-to-date weights.
  warnings.warn(msg)
Using a slow image processor as `use_fast` is unset and a slow processor was saved with this model. `use_fast=True` will be the default behavior in v4.52, even if the model was saved with a slow processor. This will result in minor differences in outputs. You'll still be able to use a slow processor with `use_fast=False`.
Fetching 1 files:   0%|          | 0/1 [00:00<?, ?it/s]Fetching 1 files: 100%|██████████| 1/1 [00:00<00:00, 1269.85it/s]
Fetching 1 files:   0%|          | 0/1 [00:00<?, ?it/s]Fetching 1 files: 100%|██████████| 1/1 [00:00<00:00, 448.44it/s]
Using a slow image processor as `use_fast` is unset and a slow processor was saved with this model. `use_fast=True` will be the default behavior in v4.52, even if the model was saved with a slow processor. This will result in minor differences in outputs. You'll still be able to use a slow processor with `use_fast=False`.
Traceback (most recent call last):
  File "/home/kshaltiel/code/CSE-495-Code/prompt_experiments/calculate_metrics_photorealistic_only.py", line 283, in <module>
    json.dump(metric_dict, f, indent=2)
  File "/home/kshaltiel/miniconda3/envs/inpaint_env_py39/lib/python3.9/json/__init__.py", line 179, in dump
    for chunk in iterable:
  File "/home/kshaltiel/miniconda3/envs/inpaint_env_py39/lib/python3.9/json/encoder.py", line 431, in _iterencode
    yield from _iterencode_dict(o, _current_indent_level)
  File "/home/kshaltiel/miniconda3/envs/inpaint_env_py39/lib/python3.9/json/encoder.py", line 405, in _iterencode_dict
    yield from chunks
  File "/home/kshaltiel/miniconda3/envs/inpaint_env_py39/lib/python3.9/json/encoder.py", line 325, in _iterencode_list
    yield from chunks
  File "/home/kshaltiel/miniconda3/envs/inpaint_env_py39/lib/python3.9/json/encoder.py", line 438, in _iterencode
    o = _default(o)
  File "/home/kshaltiel/miniconda3/envs/inpaint_env_py39/lib/python3.9/json/encoder.py", line 179, in default
    raise TypeError(f'Object of type {o.__class__.__name__} '
TypeError: Object of type float32 is not JSON serializable
