nohup: ignoring input
Waiting for plausible_scene job (8364) to complete...
Started at: Sun Jan 25 05:34:42 PM UTC 2026
[17:34:42] Job 8364 still running... checking again in 5 minutes
[17:39:42] Job 8364 still running... checking again in 5 minutes
[17:44:42] Job 8364 still running... checking again in 5 minutes
[17:49:42] Job 8364 still running... checking again in 5 minutes
[17:54:42] Job 8364 still running... checking again in 5 minutes
[17:59:42] Job 8364 still running... checking again in 5 minutes
[18:04:42] Job 8364 still running... checking again in 5 minutes
[18:09:42] Job 8364 still running... checking again in 5 minutes
[18:14:42] Job 8364 still running... checking again in 5 minutes
[18:19:42] Job 8364 still running... checking again in 5 minutes
[18:24:42] Job 8364 still running... checking again in 5 minutes
[18:29:42] Job 8364 still running... checking again in 5 minutes
[18:34:42] Job 8364 still running... checking again in 5 minutes
[18:39:42] Job 8364 still running... checking again in 5 minutes
[18:44:42] Job 8364 still running... checking again in 5 minutes
[18:49:42] Job 8364 still running... checking again in 5 minutes
[18:54:42] Job 8364 still running... checking again in 5 minutes
[18:59:42] Job 8364 still running... checking again in 5 minutes
[19:04:42] Job 8364 still running... checking again in 5 minutes
[19:09:42] Job 8364 still running... checking again in 5 minutes
[19:14:42] Job 8364 still running... checking again in 5 minutes
[19:19:42] Job 8364 still running... checking again in 5 minutes
[19:24:42] Job 8364 still running... checking again in 5 minutes
[19:29:42] Job 8364 still running... checking again in 5 minutes
[19:34:42] Job 8364 still running... checking again in 5 minutes
[19:39:42] Job 8364 still running... checking again in 5 minutes
[19:44:42] Job 8364 still running... checking again in 5 minutes
[19:49:42] Job 8364 still running... checking again in 5 minutes
[19:54:42] Job 8364 still running... checking again in 5 minutes
[19:59:42] Job 8364 still running... checking again in 5 minutes
[20:04:42] Job 8364 still running... checking again in 5 minutes
[20:09:42] Job 8364 still running... checking again in 5 minutes
[20:14:42] Job 8364 still running... checking again in 5 minutes
[20:19:42] Job 8364 still running... checking again in 5 minutes
[20:24:42] Job 8364 still running... checking again in 5 minutes
[20:29:42] Job 8364 still running... checking again in 5 minutes
[20:34:42] Job 8364 still running... checking again in 5 minutes
[20:39:42] Job 8364 still running... checking again in 5 minutes
[20:44:42] Job 8364 still running... checking again in 5 minutes
[20:49:42] Job 8364 still running... checking again in 5 minutes
[20:54:42] Job 8364 still running... checking again in 5 minutes
[20:59:42] Job 8364 still running... checking again in 5 minutes
[21:04:42] Job 8364 still running... checking again in 5 minutes
[21:09:42] Job 8364 still running... checking again in 5 minutes
[21:14:42] Job 8364 still running... checking again in 5 minutes
[21:19:43] Job 8364 still running... checking again in 5 minutes
[21:24:43] Job 8364 still running... checking again in 5 minutes
[21:29:43] Job 8364 still running... checking again in 5 minutes
[21:34:43] Job 8364 still running... checking again in 5 minutes
[21:39:43] Job 8364 still running... checking again in 5 minutes
[21:44:43] Job 8364 still running... checking again in 5 minutes
[21:49:43] Job 8364 still running... checking again in 5 minutes
[21:54:43] Job 8364 still running... checking again in 5 minutes
[21:59:43] Job 8364 still running... checking again in 5 minutes
[22:04:43] Job 8364 still running... checking again in 5 minutes
[22:09:43] Job 8364 still running... checking again in 5 minutes
[22:14:43] Job 8364 still running... checking again in 5 minutes
[22:19:43] Job 8364 still running... checking again in 5 minutes
[22:24:43] Job 8364 still running... checking again in 5 minutes
[22:29:43] Job 8364 still running... checking again in 5 minutes
[22:34:43] Job 8364 still running... checking again in 5 minutes
[22:39:43] Job 8364 still running... checking again in 5 minutes
[22:44:43] Job 8364 still running... checking again in 5 minutes
[22:49:43] Job 8364 still running... checking again in 5 minutes
[22:54:43] Job 8364 still running... checking again in 5 minutes
[22:59:43] Job 8364 still running... checking again in 5 minutes
[23:04:43] Job 8364 still running... checking again in 5 minutes
[23:09:43] Job 8364 still running... checking again in 5 minutes
[23:14:43] Job 8364 still running... checking again in 5 minutes
[23:19:43] Job 8364 still running... checking again in 5 minutes
[23:24:43] Job 8364 still running... checking again in 5 minutes
[23:29:43] Job 8364 still running... checking again in 5 minutes
[23:34:43] Job 8364 still running... checking again in 5 minutes
[23:39:43] Job 8364 still running... checking again in 5 minutes
[23:44:43] Job 8364 still running... checking again in 5 minutes
[23:50:03] Job 8364 still running... checking again in 5 minutes
[23:55:03] Job 8364 still running... checking again in 5 minutes
[00:00:03] Job 8364 still running... checking again in 5 minutes
[00:05:35] Job 8364 still running... checking again in 5 minutes
[00:14:34] Job 8364 still running... checking again in 5 minutes
[00:19:54] Job 8364 still running... checking again in 5 minutes
[00:27:14] Job 8364 still running... checking again in 5 minutes
[00:38:55] Job 8364 still running... checking again in 5 minutes
[00:47:21] Job 8364 still running... checking again in 5 minutes
[00:54:39] Job 8364 still running... checking again in 5 minutes
[01:02:01] Job 8364 still running... checking again in 5 minutes
[01:10:31] Job 8364 still running... checking again in 5 minutes
[01:21:11] Job 8364 completed!
Waiting 30 seconds to ensure job cleanup...
Submitting metrics for plausible_scene...
Submitted batch job 8590
Done! Submitted at: Mon Jan 26 01:36:28 AM UTC 2026
